[WARN] - (starship::modules::username): Error in module `username`:
 --> 1:13
  |
1 | [hello,$user] you are
  |             ^---
  |
  = expected variable, string, textgroup, or conditional
[WARN] - (starship::modules::username): Error in module `username`:
 --> 1:21
  |
1 | [hello,$user you are]
  |                     ^---
  |
  = expected variable, string, textgroup, or conditional
[WARN] - (starship::modules::username): Error in module `username`:
 --> 1:14
  |
1 | hello: [$user]
  |              ^---
  |
  = expected variable, string, textgroup, or conditional
[ERROR] - (starship::config): Unable to parse the config file: TOML parse error at line 16, column 12
   |
16 | ssh_only = 
   |            ^
string values must be quoted, expected literal string

[ERROR] - (starship::config): Unable to parse the config file: TOML parse error at line 16, column 12
   |
16 | ssh_only = 
   |            ^
string values must be quoted, expected literal string

